2017-05-22 19:30:12,372  batch_train_loss: (x:              1.0, y: 2.321108818054199).
2017-05-22 19:30:12,372  batch_train_acc: (x:              1.0, y: 0.125).
2017-05-22 19:30:12,547  batch_train_loss: (x:              2.0, y: 1.5412969589233398).
2017-05-22 19:30:12,548  batch_train_acc: (x:              2.0, y: 0.46875).
2017-05-22 19:30:12,722  batch_train_loss: (x:              3.0, y: 10.073809623718262).
2017-05-22 19:30:12,723  batch_train_acc: (x:              3.0, y: 0.375).
2017-05-22 19:30:12,895  batch_train_loss: (x:              4.0, y: 9.570119857788086).
2017-05-22 19:30:12,896  batch_train_acc: (x:              4.0, y: 0.40625).
2017-05-22 19:30:13,068  batch_train_loss: (x:              5.0, y: 9.066429138183594).
2017-05-22 19:30:13,069  batch_train_acc: (x:              5.0, y: 0.4375).
2017-05-22 19:30:13,246  batch_train_loss: (x:              6.0, y: 9.066428184509277).
2017-05-22 19:30:13,247  batch_train_acc: (x:              6.0, y: 0.4375).
2017-05-22 19:30:13,429  batch_train_loss: (x:              7.0, y: 7.051666736602783).
2017-05-22 19:30:13,429  batch_train_acc: (x:              7.0, y: 0.5625).
2017-05-22 19:30:13,607  batch_train_loss: (x:              8.0, y: 9.57011890411377).
2017-05-22 19:30:13,607  batch_train_acc: (x:              8.0, y: 0.40625).
2017-05-22 19:30:13,783  batch_train_loss: (x:              9.0, y: 8.05904769897461).
2017-05-22 19:30:13,784  batch_train_acc: (x:              9.0, y: 0.5).
2017-05-22 19:30:13,958  batch_train_loss: (x:             10.0, y: 7.555356979370117).
2017-05-22 19:30:13,959  batch_train_acc: (x:             10.0, y: 0.53125).
2017-05-22 19:30:14,135  batch_train_loss: (x:             11.0, y: 7.051666736602783).
2017-05-22 19:30:14,135  batch_train_acc: (x:             11.0, y: 0.5625).
2017-05-22 19:30:14,311  batch_train_loss: (x:             12.0, y: 7.051666736602783).
2017-05-22 19:30:14,312  batch_train_acc: (x:             12.0, y: 0.5625).
2017-05-22 19:30:14,488  batch_train_loss: (x:             13.0, y: 8.562738418579102).
2017-05-22 19:30:14,488  batch_train_acc: (x:             13.0, y: 0.46875).
2017-05-22 19:30:14,665  batch_train_loss: (x:             14.0, y: 9.066429138183594).
2017-05-22 19:30:14,665  batch_train_acc: (x:             14.0, y: 0.4375).
2017-05-22 19:30:14,839  batch_train_loss: (x:             15.0, y: 8.05904769897461).
2017-05-22 19:30:14,840  batch_train_acc: (x:             15.0, y: 0.5).
2017-05-22 19:30:15,014  batch_train_loss: (x:             16.0, y: 8.562738418579102).
2017-05-22 19:30:15,014  batch_train_acc: (x:             16.0, y: 0.46875).
2017-05-22 19:30:15,191  batch_train_loss: (x:             17.0, y: 9.066429138183594).
2017-05-22 19:30:15,192  batch_train_acc: (x:             17.0, y: 0.4375).
2017-05-22 19:30:15,365  batch_train_loss: (x:             18.0, y: 9.066429138183594).
2017-05-22 19:30:15,366  batch_train_acc: (x:             18.0, y: 0.4375).
2017-05-22 19:30:15,541  batch_train_loss: (x:             19.0, y: 7.555356979370117).
2017-05-22 19:30:15,541  batch_train_acc: (x:             19.0, y: 0.53125).
2017-05-22 19:30:15,717  batch_train_loss: (x:             20.0, y: 8.562738418579102).
2017-05-22 19:30:15,717  batch_train_acc: (x:             20.0, y: 0.46875).
2017-05-22 19:30:15,888  batch_train_loss: (x:             21.0, y: 9.066429138183594).
2017-05-22 19:30:15,889  batch_train_acc: (x:             21.0, y: 0.4375).
2017-05-22 19:30:16,062  batch_train_loss: (x:             22.0, y: 7.555356979370117).
2017-05-22 19:30:16,062  batch_train_acc: (x:             22.0, y: 0.53125).
2017-05-22 19:30:16,235  batch_train_loss: (x:             23.0, y: 7.555357456207275).
2017-05-22 19:30:16,235  batch_train_acc: (x:             23.0, y: 0.53125).
2017-05-22 19:30:16,416  batch_train_loss: (x:             24.0, y: 9.066429138183594).
2017-05-22 19:30:16,416  batch_train_acc: (x:             24.0, y: 0.4375).
2017-05-22 19:30:16,594  batch_train_loss: (x:             25.0, y: 12.088571548461914).
2017-05-22 19:30:16,594  batch_train_acc: (x:             25.0, y: 0.25).
2017-05-22 19:30:16,776  batch_train_loss: (x:             26.0, y: 9.570119857788086).
2017-05-22 19:30:16,776  batch_train_acc: (x:             26.0, y: 0.40625).
2017-05-22 19:30:16,955  batch_train_loss: (x:             27.0, y: 11.584880828857422).
2017-05-22 19:30:16,955  batch_train_acc: (x:             27.0, y: 0.28125).
2017-05-22 19:30:17,131  batch_train_loss: (x:             28.0, y: 7.051666736602783).
2017-05-22 19:30:17,131  batch_train_acc: (x:             28.0, y: 0.5625).
2017-05-22 19:30:17,741  epoch_train_loss: (x:              1.0, y: 8.214979835918971).
2017-05-22 19:30:17,741  epoch_train_acc: (x:              1.0, y: 0.4486607142857143).
2017-05-22 19:30:17,741  epoch_validation_loss: (x:              1.0, y: 8.129741200229578).
2017-05-22 19:30:17,742  epoch_validation_acc: (x:              1.0, y: 0.4956140350877193).
2017-05-22 19:30:18,457  batch_train_loss: (x:             29.0, y: 11.08119010925293).
2017-05-22 19:30:18,458  batch_train_acc: (x:             29.0, y: 0.3125).
2017-05-22 19:30:18,633  batch_train_loss: (x:             30.0, y: 6.547976493835449).
2017-05-22 19:30:18,633  batch_train_acc: (x:             30.0, y: 0.59375).
2017-05-22 19:30:18,806  batch_train_loss: (x:             31.0, y: 8.562738418579102).
2017-05-22 19:30:18,806  batch_train_acc: (x:             31.0, y: 0.46875).
2017-05-22 19:30:18,980  batch_train_loss: (x:             32.0, y: 6.547976493835449).
2017-05-22 19:30:18,980  batch_train_acc: (x:             32.0, y: 0.59375).
2017-05-22 19:30:19,155  batch_train_loss: (x:             33.0, y: 9.066429138183594).
2017-05-22 19:30:19,156  batch_train_acc: (x:             33.0, y: 0.4375).
2017-05-22 19:30:19,330  batch_train_loss: (x:             34.0, y: 8.05904769897461).
2017-05-22 19:30:19,330  batch_train_acc: (x:             34.0, y: 0.5).
2017-05-22 19:30:19,505  batch_train_loss: (x:             35.0, y: 9.57011890411377).
2017-05-22 19:30:19,505  batch_train_acc: (x:             35.0, y: 0.40625).
2017-05-22 19:30:19,683  batch_train_loss: (x:             36.0, y: 8.05904769897461).
2017-05-22 19:30:19,684  batch_train_acc: (x:             36.0, y: 0.5).
2017-05-22 19:30:19,860  batch_train_loss: (x:             37.0, y: 9.066429138183594).
2017-05-22 19:30:19,860  batch_train_acc: (x:             37.0, y: 0.4375).
2017-05-22 19:30:20,036  batch_train_loss: (x:             38.0, y: 10.073809623718262).
2017-05-22 19:30:20,036  batch_train_acc: (x:             38.0, y: 0.375).
2017-05-22 19:30:20,210  batch_train_loss: (x:             39.0, y: 8.05904769897461).
2017-05-22 19:30:20,211  batch_train_acc: (x:             39.0, y: 0.5).
2017-05-22 19:30:20,386  batch_train_loss: (x:             40.0, y: 6.547976493835449).
2017-05-22 19:30:20,386  batch_train_acc: (x:             40.0, y: 0.59375).
2017-05-22 19:30:20,562  batch_train_loss: (x:             41.0, y: 6.547976493835449).
2017-05-22 19:30:20,562  batch_train_acc: (x:             41.0, y: 0.59375).
2017-05-22 19:30:20,734  batch_train_loss: (x:             42.0, y: 7.555356979370117).
2017-05-22 19:30:20,735  batch_train_acc: (x:             42.0, y: 0.53125).
2017-05-22 19:30:20,908  batch_train_loss: (x:             43.0, y: 8.05904769897461).
2017-05-22 19:30:20,908  batch_train_acc: (x:             43.0, y: 0.5).
2017-05-22 19:30:21,083  batch_train_loss: (x:             44.0, y: 8.05904769897461).
2017-05-22 19:30:21,083  batch_train_acc: (x:             44.0, y: 0.5).
2017-05-22 19:30:21,254  batch_train_loss: (x:             45.0, y: 8.05904769897461).
2017-05-22 19:30:21,255  batch_train_acc: (x:             45.0, y: 0.5).
2017-05-22 19:30:21,434  batch_train_loss: (x:             46.0, y: 10.577500343322754).
2017-05-22 19:30:21,434  batch_train_acc: (x:             46.0, y: 0.34375).
2017-05-22 19:30:21,607  batch_train_loss: (x:             47.0, y: 8.05904769897461).
2017-05-22 19:30:21,607  batch_train_acc: (x:             47.0, y: 0.5).
2017-05-22 19:30:21,782  batch_train_loss: (x:             48.0, y: 6.044285774230957).
2017-05-22 19:30:21,783  batch_train_acc: (x:             48.0, y: 0.625).
2017-05-22 19:30:21,956  batch_train_loss: (x:             49.0, y: 12.088571548461914).
2017-05-22 19:30:21,956  batch_train_acc: (x:             49.0, y: 0.25).
2017-05-22 19:30:22,131  batch_train_loss: (x:             50.0, y: 8.05904769897461).
2017-05-22 19:30:22,131  batch_train_acc: (x:             50.0, y: 0.5).
2017-05-22 19:30:22,309  batch_train_loss: (x:             51.0, y: 11.08119010925293).
2017-05-22 19:30:22,309  batch_train_acc: (x:             51.0, y: 0.3125).
2017-05-22 19:30:22,483  batch_train_loss: (x:             52.0, y: 9.57011890411377).
2017-05-22 19:30:22,484  batch_train_acc: (x:             52.0, y: 0.40625).
2017-05-22 19:30:22,659  batch_train_loss: (x:             53.0, y: 8.562738418579102).
2017-05-22 19:30:22,659  batch_train_acc: (x:             53.0, y: 0.46875).
2017-05-22 19:30:22,834  batch_train_loss: (x:             54.0, y: 9.066429138183594).
2017-05-22 19:30:22,835  batch_train_acc: (x:             54.0, y: 0.4375).
2017-05-22 19:30:23,011  batch_train_loss: (x:             55.0, y: 11.584880828857422).
2017-05-22 19:30:23,012  batch_train_acc: (x:             55.0, y: 0.28125).
2017-05-22 19:30:23,188  batch_train_loss: (x:             56.0, y: 9.57011890411377).
2017-05-22 19:30:23,188  batch_train_acc: (x:             56.0, y: 0.40625).
2017-05-22 19:30:23,576  epoch_train_loss: (x:              2.0, y: 8.663476319746538).
2017-05-22 19:30:23,576  epoch_train_acc: (x:              2.0, y: 0.4625).
2017-05-22 19:30:23,577  epoch_validation_loss: (x:              2.0, y: 8.129741200229578).
2017-05-22 19:30:23,577  epoch_validation_acc: (x:              2.0, y: 0.4956140350877193).
2017-05-22 19:30:23,753  batch_train_loss: (x:             57.0, y: 12.088571548461914).
2017-05-22 19:30:23,753  batch_train_acc: (x:             57.0, y: 0.25).
2017-05-22 19:30:23,857  batch_train_loss: (x:             58.0, y: 9.066429138183594).
2017-05-22 19:30:23,857  batch_train_acc: (x:             58.0, y: 0.4375).
2017-05-22 19:30:24,034  batch_train_loss: (x:             59.0, y: 7.555356979370117).
2017-05-22 19:30:24,034  batch_train_acc: (x:             59.0, y: 0.53125).
2017-05-22 19:30:24,211  batch_train_loss: (x:             60.0, y: 9.066429138183594).
2017-05-22 19:30:24,211  batch_train_acc: (x:             60.0, y: 0.4375).
2017-05-22 19:30:24,389  batch_train_loss: (x:             61.0, y: 7.051667213439941).
2017-05-22 19:30:24,389  batch_train_acc: (x:             61.0, y: 0.5625).
2017-05-22 19:30:24,563  batch_train_loss: (x:             62.0, y: 7.555356979370117).
2017-05-22 19:30:24,564  batch_train_acc: (x:             62.0, y: 0.53125).
2017-05-22 19:30:24,739  batch_train_loss: (x:             63.0, y: 10.577500343322754).
2017-05-22 19:30:24,739  batch_train_acc: (x:             63.0, y: 0.34375).
2017-05-22 19:30:24,916  batch_train_loss: (x:             64.0, y: 8.562738418579102).
2017-05-22 19:30:24,917  batch_train_acc: (x:             64.0, y: 0.46875).
2017-05-22 19:30:25,094  batch_train_loss: (x:             65.0, y: 6.547976493835449).
2017-05-22 19:30:25,094  batch_train_acc: (x:             65.0, y: 0.59375).
2017-05-22 19:30:25,270  batch_train_loss: (x:             66.0, y: 10.577500343322754).
2017-05-22 19:30:25,270  batch_train_acc: (x:             66.0, y: 0.34375).
2017-05-22 19:30:25,445  batch_train_loss: (x:             67.0, y: 10.073809623718262).
2017-05-22 19:30:25,446  batch_train_acc: (x:             67.0, y: 0.375).
2017-05-22 19:30:25,621  batch_train_loss: (x:             68.0, y: 6.547976493835449).
2017-05-22 19:30:25,621  batch_train_acc: (x:             68.0, y: 0.59375).
2017-05-22 19:30:25,799  batch_train_loss: (x:             69.0, y: 7.555356979370117).
2017-05-22 19:30:25,799  batch_train_acc: (x:             69.0, y: 0.53125).
2017-05-22 19:30:25,977  batch_train_loss: (x:             70.0, y: 8.05904769897461).
2017-05-22 19:30:25,977  batch_train_acc: (x:             70.0, y: 0.5).
2017-05-22 19:30:26,153  batch_train_loss: (x:             71.0, y: 9.57011890411377).
2017-05-22 19:30:26,153  batch_train_acc: (x:             71.0, y: 0.40625).
2017-05-22 19:30:26,329  batch_train_loss: (x:             72.0, y: 8.562738418579102).
2017-05-22 19:30:26,329  batch_train_acc: (x:             72.0, y: 0.46875).
2017-05-22 19:30:26,506  batch_train_loss: (x:             73.0, y: 10.073809623718262).
2017-05-22 19:30:26,506  batch_train_acc: (x:             73.0, y: 0.375).
2017-05-22 19:30:26,682  batch_train_loss: (x:             74.0, y: 9.570119857788086).
2017-05-22 19:30:26,682  batch_train_acc: (x:             74.0, y: 0.40625).
2017-05-22 19:30:26,861  batch_train_loss: (x:             75.0, y: 12.088571548461914).
2017-05-22 19:30:26,861  batch_train_acc: (x:             75.0, y: 0.25).
2017-05-22 19:30:27,040  batch_train_loss: (x:             76.0, y: 10.073809623718262).
2017-05-22 19:30:27,040  batch_train_acc: (x:             76.0, y: 0.375).
